<?xml version="1.0" encoding="UTF-8"?>
<testsuite xmlns:xsi="http://www.w3.org/2001/XMLSchema-instance"
    xsi:noNamespaceSchemaLocation="https://maven.apache.org/surefire/maven-surefire-plugin/xsd/surefire-test-report.xsd"
    name="ru.gb.AppTest" time="0.025" tests="1" errors="0" skipped="0" failures="0">
    <properties>
        <property name="java.specification.version" value="20" />
        <property name="sun.cpu.isalist" value="amd64" />
        <property name="sun.jnu.encoding" value="Cp1251" />
        <property name="java.class.path"
            value="E:\Obrazovanie\Programming\REPOZITORY\JDK_DZ6\maven_demo\target\test-classes;E:\Obrazovanie\Programming\REPOZITORY\JDK_DZ6\maven_demo\target\classes;C:\Users\andrey\.m2\repository\junit\junit\4.11\junit-4.11.jar;C:\Users\andrey\.m2\repository\org\hamcrest\hamcrest-core\1.3\hamcrest-core-1.3.jar;C:\Users\andrey\.m2\repository\org\projectlombok\lombok\1.18.30\lombok-1.18.30.jar;" />
        <property name="java.vm.vendor" value="Oracle Corporation" />
        <property name="sun.arch.data.model" value="64" />
        <property name="user.variant" value="" />
        <property name="java.vendor.url" value="https://java.oracle.com/" />
        <property name="user.timezone" value="Europe/Moscow" />
        <property name="os.name" value="Windows 10" />
        <property name="java.vm.specification.version" value="20" />
        <property name="sun.java.launcher" value="SUN_STANDARD" />
        <property name="user.country" value="RU" />
        <property name="sun.boot.library.path" value="C:\Program Files\Java\jdk-20\bin" />
        <property name="sun.java.command"
            value="C:\Users\andrey\AppData\Local\Temp\surefire3067824892311159172\surefirebooter16216457277048792422.jar C:\Users\andrey\AppData\Local\Temp\surefire3067824892311159172 2024-06-08T12-47-42_996-jvmRun1 surefire5436454288027189306tmp surefire_05694060609259799850tmp" />
        <property name="jdk.debug" value="release" />
        <property name="surefire.test.class.path"
            value="E:\Obrazovanie\Programming\REPOZITORY\JDK_DZ6\maven_demo\target\test-classes;E:\Obrazovanie\Programming\REPOZITORY\JDK_DZ6\maven_demo\target\classes;C:\Users\andrey\.m2\repository\junit\junit\4.11\junit-4.11.jar;C:\Users\andrey\.m2\repository\org\hamcrest\hamcrest-core\1.3\hamcrest-core-1.3.jar;C:\Users\andrey\.m2\repository\org\projectlombok\lombok\1.18.30\lombok-1.18.30.jar;" />
        <property name="sun.cpu.endian" value="little" />
        <property name="user.home" value="C:\Users\andrey" />
        <property name="user.language" value="ru" />
        <property name="java.specification.vendor" value="Oracle Corporation" />
        <property name="java.version.date" value="2023-03-21" />
        <property name="java.home" value="C:\Program Files\Java\jdk-20" />
        <property name="file.separator" value="\" />
        <property name="basedir" value="E:\Obrazovanie\Programming\REPOZITORY\JDK_DZ6\maven_demo" />
        <property name="java.vm.compressedOopsMode" value="Zero based" />
        <property name="line.separator" value="&#10;" />
        <property name="java.vm.specification.vendor" value="Oracle Corporation" />
        <property name="java.specification.name" value="Java Platform API Specification" />
        <property name="surefire.real.class.path"
            value="C:\Users\andrey\AppData\Local\Temp\surefire3067824892311159172\surefirebooter16216457277048792422.jar" />
        <property name="user.script" value="" />
        <property name="sun.management.compiler" value="HotSpot 64-Bit Tiered Compilers" />
        <property name="java.runtime.version" value="20+36-2344" />
        <property name="user.name" value="andrey" />
        <property name="stdout.encoding" value="Cp1251" />
        <property name="path.separator" value=";" />
        <property name="os.version" value="10.0" />
        <property name="java.runtime.name" value="Java(TM) SE Runtime Environment" />
        <property name="file.encoding" value="UTF-8" />
        <property name="java.vm.name" value="Java HotSpot(TM) 64-Bit Server VM" />
        <property name="localRepository" value="C:\Users\andrey\.m2\repository" />
        <property name="java.vendor.url.bug" value="https://bugreport.java.com/bugreport/" />
        <property name="java.io.tmpdir" value="C:\Users\andrey\AppData\Local\Temp\" />
        <property name="java.version" value="20" />
        <property name="user.dir" value="E:\Obrazovanie\Programming\REPOZITORY\JDK_DZ6\maven_demo" />
        <property name="os.arch" value="amd64" />
        <property name="java.vm.specification.name" value="Java Virtual Machine Specification" />
        <property name="sun.os.patch.level" value="" />
        <property name="native.encoding" value="Cp1251" />
        <property name="java.library.path"
            value="C:\Program Files\Java\jdk-20\bin;C:\Windows\Sun\Java\bin;C:\Windows\system32;C:\Windows;C:\ConEmuPack.230724;C:\ConEmuPack.230724\ConEmu;C:\Program Files\Common Files\Oracle\Java\javapath;C:\Program Files (x86)\Common Files\Oracle\Java\java8path;C:\Program Files (x86)\Common Files\Oracle\Java\javapath;C:\Windows\system32;C:\Windows;C:\Windows\System32\Wbem;C:\Windows\System32\WindowsPowerShell\v1.0\;C:\Windows\System32\OpenSSH\;C:\Program Files (x86)\NVIDIA Corporation\PhysX\Common;C:\Program Files\NVIDIA Corporation\NVIDIA NvDLISR;C:\Program Files\dotnet\;C:\Program Files\Microsoft SQL Server\150\Tools\Binn\;C:\Program Files\Docker\Docker\resources\bin;C:\Program Files\Git\cmd;D:\Program Files\apache-maven-3.9.7\bin;C:\Users\andrey\.jdks\liberica-full-17.0.10\bin;C:\Program Files\MySQL\MySQL Shell 8.0\bin\;C:\Users\andrey\AppData\Local\Microsoft\WindowsApps;C:\Users\andrey\AppData\Local\Programs\Microsoft VS Code\bin;C:\Users\andrey\.dotnet\tools;D:\Program Files\JetBrains\IntelliJ IDEA Community Edition 2024.1\bin;;;." />
        <property name="java.vm.info" value="mixed mode, sharing" />
        <property name="stderr.encoding" value="Cp1251" />
        <property name="java.vendor" value="Oracle Corporation" />
        <property name="java.vm.version" value="20+36-2344" />
        <property name="sun.io.unicode.encoding" value="UnicodeLittle" />
        <property name="java.class.version" value="64.0" />
    </properties>
    <testcase name="shouldAnswerWithTrue" classname="ru.gb.AppTest" time="0.002" />
</testsuite>